[INFO] Scanning for projects...
[INFO]                                                                         
[INFO] ------------------------------------------------------------------------
[INFO] Building sweet-spark 1.0-SNAPSHOT
[INFO] ------------------------------------------------------------------------
Downloading: https://oss.sonatype.org/content/repositories/snapshots/commons-codec/commons-codec/maven-metadata.xml
Downloading: http://maven.aliyun.com/nexus/content/groups/public/commons-codec/commons-codec/maven-metadata.xml
Downloading: https://repository.apache.org/snapshots/commons-codec/commons-codec/maven-metadata.xml
Downloading: http://maven.aliyun.com/nexus/content/groups/public/commons-codec/commons-codec/maven-metadata.xml
682/682 B               Downloaded: http://maven.aliyun.com/nexus/content/groups/public/commons-codec/commons-codec/maven-metadata.xml (682 B at 0.3 KB/sec)
            682/682 B               Downloaded: http://maven.aliyun.com/nexus/content/groups/public/commons-codec/commons-codec/maven-metadata.xml (682 B at 0.2 KB/sec)
[INFO] 
[INFO] --- maven-dependency-plugin:2.8:tree (default-cli) @ spark ---
[INFO] com.sweet:spark:jar:1.0-SNAPSHOT
[INFO] +- org.slf4j:jcl-over-slf4j:jar:1.7.21:compile
[INFO] +- org.slf4j:slf4j-api:jar:1.7.21:compile
[INFO] +- org.slf4j:slf4j-log4j12:jar:1.7.21:compile
[INFO] +- log4j:log4j:jar:1.2.17:compile
[INFO] +- com.alibaba:fastjson:jar:1.2.12:compile
[INFO] +- commons-lang:commons-lang:jar:2.6:compile
[INFO] +- commons-collections:commons-collections:jar:3.2.1:compile
[INFO] +- org.apache.spark:spark-core_2.11:jar:2.3.0:provided
[INFO] |  +- org.apache.avro:avro:jar:1.7.7:provided
[INFO] |  |  +- org.codehaus.jackson:jackson-core-asl:jar:1.9.13:provided
[INFO] |  |  +- com.thoughtworks.paranamer:paranamer:jar:2.3:provided
[INFO] |  |  \- org.apache.commons:commons-compress:jar:1.4.1:compile
[INFO] |  |     \- org.tukaani:xz:jar:1.0:compile
[INFO] |  +- org.apache.avro:avro-mapred:jar:hadoop2:1.7.7:provided
[INFO] |  |  +- org.apache.avro:avro-ipc:jar:1.7.7:provided
[INFO] |  |  \- org.apache.avro:avro-ipc:jar:tests:1.7.7:provided
[INFO] |  +- com.twitter:chill_2.11:jar:0.8.4:compile
[INFO] |  |  \- com.esotericsoftware:kryo-shaded:jar:3.0.3:compile
[INFO] |  |     +- com.esotericsoftware:minlog:jar:1.3.0:compile
[INFO] |  |     \- org.objenesis:objenesis:jar:2.1:compile
[INFO] |  +- com.twitter:chill-java:jar:0.8.4:compile
[INFO] |  +- org.apache.xbean:xbean-asm5-shaded:jar:4.4:provided
[INFO] |  +- org.apache.hadoop:hadoop-client:jar:2.6.5:provided
[INFO] |  |  +- org.apache.hadoop:hadoop-common:jar:2.6.5:provided
[INFO] |  |  |  +- xmlenc:xmlenc:jar:0.52:provided
[INFO] |  |  |  +- commons-configuration:commons-configuration:jar:1.6:provided
[INFO] |  |  |  |  \- commons-beanutils:commons-beanutils-core:jar:1.8.0:provided
[INFO] |  |  |  +- com.google.code.gson:gson:jar:2.2.4:provided
[INFO] |  |  |  +- org.apache.hadoop:hadoop-auth:jar:2.6.5:provided
[INFO] |  |  |  |  \- org.apache.directory.server:apacheds-kerberos-codec:jar:2.0.0-M15:provided
[INFO] |  |  |  |     +- org.apache.directory.server:apacheds-i18n:jar:2.0.0-M15:provided
[INFO] |  |  |  |     +- org.apache.directory.api:api-asn1-api:jar:1.0.0-M20:provided
[INFO] |  |  |  |     \- org.apache.directory.api:api-util:jar:1.0.0-M20:provided
[INFO] |  |  |  +- org.apache.curator:curator-client:jar:2.6.0:provided
[INFO] |  |  |  \- org.htrace:htrace-core:jar:3.0.4:provided
[INFO] |  |  +- org.apache.hadoop:hadoop-hdfs:jar:2.6.5:provided
[INFO] |  |  |  +- org.mortbay.jetty:jetty-util:jar:6.1.26:provided
[INFO] |  |  |  \- xerces:xercesImpl:jar:2.9.1:provided
[INFO] |  |  +- org.apache.hadoop:hadoop-mapreduce-client-app:jar:2.6.5:provided
[INFO] |  |  |  +- org.apache.hadoop:hadoop-mapreduce-client-common:jar:2.6.5:provided
[INFO] |  |  |  |  +- org.apache.hadoop:hadoop-yarn-client:jar:2.6.5:provided
[INFO] |  |  |  |  \- org.apache.hadoop:hadoop-yarn-server-common:jar:2.6.5:provided
[INFO] |  |  |  \- org.apache.hadoop:hadoop-mapreduce-client-shuffle:jar:2.6.5:provided
[INFO] |  |  +- org.apache.hadoop:hadoop-yarn-api:jar:2.6.5:provided
[INFO] |  |  +- org.apache.hadoop:hadoop-mapreduce-client-core:jar:2.6.5:provided
[INFO] |  |  |  \- org.apache.hadoop:hadoop-yarn-common:jar:2.6.5:provided
[INFO] |  |  |     +- javax.xml.bind:jaxb-api:jar:2.2.2:provided
[INFO] |  |  |     |  \- javax.xml.stream:stax-api:jar:1.0-2:provided
[INFO] |  |  |     +- org.codehaus.jackson:jackson-jaxrs:jar:1.9.13:provided
[INFO] |  |  |     \- org.codehaus.jackson:jackson-xc:jar:1.9.13:provided
[INFO] |  |  +- org.apache.hadoop:hadoop-mapreduce-client-jobclient:jar:2.6.5:provided
[INFO] |  |  \- org.apache.hadoop:hadoop-annotations:jar:2.6.5:provided
[INFO] |  +- org.apache.spark:spark-launcher_2.11:jar:2.3.0:provided
[INFO] |  +- org.apache.spark:spark-kvstore_2.11:jar:2.3.0:provided
[INFO] |  |  +- org.fusesource.leveldbjni:leveldbjni-all:jar:1.8:provided
[INFO] |  |  +- com.fasterxml.jackson.core:jackson-core:jar:2.6.7:provided
[INFO] |  |  \- com.fasterxml.jackson.core:jackson-annotations:jar:2.6.7:provided
[INFO] |  +- org.apache.spark:spark-network-common_2.11:jar:2.3.0:provided
[INFO] |  +- org.apache.spark:spark-network-shuffle_2.11:jar:2.3.0:provided
[INFO] |  +- org.apache.spark:spark-unsafe_2.11:jar:2.3.0:provided
[INFO] |  +- net.java.dev.jets3t:jets3t:jar:0.9.4:provided
[INFO] |  |  +- org.apache.httpcomponents:httpcore:jar:4.4.1:provided
[INFO] |  |  +- javax.activation:activation:jar:1.1.1:provided
[INFO] |  |  +- org.bouncycastle:bcprov-jdk15on:jar:1.52:provided
[INFO] |  |  \- com.jamesmurty.utils:java-xmlbuilder:jar:1.1:provided
[INFO] |  |     \- net.iharder:base64:jar:2.3.8:provided
[INFO] |  +- org.apache.curator:curator-recipes:jar:2.6.0:provided
[INFO] |  |  +- org.apache.curator:curator-framework:jar:2.6.0:provided
[INFO] |  |  +- org.apache.zookeeper:zookeeper:jar:3.4.6:provided
[INFO] |  |  \- com.google.guava:guava:jar:16.0.1:provided
[INFO] |  +- javax.servlet:javax.servlet-api:jar:3.1.0:provided
[INFO] |  +- org.apache.commons:commons-lang3:jar:3.5:compile
[INFO] |  +- org.apache.commons:commons-math3:jar:3.4.1:compile
[INFO] |  +- com.google.code.findbugs:jsr305:jar:1.3.9:compile
[INFO] |  +- org.slf4j:jul-to-slf4j:jar:1.7.16:provided
[INFO] |  +- com.ning:compress-lzf:jar:1.0.3:provided
[INFO] |  +- org.xerial.snappy:snappy-java:jar:1.1.2.6:compile
[INFO] |  +- org.lz4:lz4-java:jar:1.4.0:provided
[INFO] |  +- com.github.luben:zstd-jni:jar:1.3.2-2:provided
[INFO] |  +- org.roaringbitmap:RoaringBitmap:jar:0.5.11:provided
[INFO] |  +- commons-net:commons-net:jar:2.2:provided
[INFO] |  +- org.json4s:json4s-jackson_2.11:jar:3.2.11:provided
[INFO] |  |  \- org.json4s:json4s-core_2.11:jar:3.2.11:provided
[INFO] |  |     +- org.json4s:json4s-ast_2.11:jar:3.2.11:provided
[INFO] |  |     \- org.scala-lang:scalap:jar:2.11.0:provided
[INFO] |  +- org.glassfish.jersey.core:jersey-client:jar:2.22.2:provided
[INFO] |  |  +- javax.ws.rs:javax.ws.rs-api:jar:2.0.1:provided
[INFO] |  |  +- org.glassfish.hk2:hk2-api:jar:2.4.0-b34:provided
[INFO] |  |  |  +- org.glassfish.hk2:hk2-utils:jar:2.4.0-b34:provided
[INFO] |  |  |  \- org.glassfish.hk2.external:aopalliance-repackaged:jar:2.4.0-b34:provided
[INFO] |  |  +- org.glassfish.hk2.external:javax.inject:jar:2.4.0-b34:provided
[INFO] |  |  \- org.glassfish.hk2:hk2-locator:jar:2.4.0-b34:provided
[INFO] |  |     \- org.javassist:javassist:jar:3.18.1-GA:compile
[INFO] |  +- org.glassfish.jersey.core:jersey-common:jar:2.22.2:provided
[INFO] |  |  +- javax.annotation:javax.annotation-api:jar:1.2:provided
[INFO] |  |  +- org.glassfish.jersey.bundles.repackaged:jersey-guava:jar:2.22.2:provided
[INFO] |  |  \- org.glassfish.hk2:osgi-resource-locator:jar:1.0.1:provided
[INFO] |  +- org.glassfish.jersey.core:jersey-server:jar:2.22.2:provided
[INFO] |  |  +- org.glassfish.jersey.media:jersey-media-jaxb:jar:2.22.2:provided
[INFO] |  |  \- javax.validation:validation-api:jar:1.1.0.Final:provided
[INFO] |  +- org.glassfish.jersey.containers:jersey-container-servlet:jar:2.22.2:provided
[INFO] |  +- org.glassfish.jersey.containers:jersey-container-servlet-core:jar:2.22.2:provided
[INFO] |  +- io.netty:netty-all:jar:4.1.17.Final:provided
[INFO] |  +- io.netty:netty:jar:3.9.9.Final:provided
[INFO] |  +- com.clearspring.analytics:stream:jar:2.7.0:provided
[INFO] |  +- io.dropwizard.metrics:metrics-core:jar:3.1.5:provided
[INFO] |  +- io.dropwizard.metrics:metrics-jvm:jar:3.1.5:provided
[INFO] |  +- io.dropwizard.metrics:metrics-json:jar:3.1.5:provided
[INFO] |  +- io.dropwizard.metrics:metrics-graphite:jar:3.1.5:provided
[INFO] |  +- com.fasterxml.jackson.core:jackson-databind:jar:2.6.7.1:provided
[INFO] |  +- com.fasterxml.jackson.module:jackson-module-scala_2.11:jar:2.6.7.1:provided
[INFO] |  |  \- com.fasterxml.jackson.module:jackson-module-paranamer:jar:2.7.9:provided
[INFO] |  +- org.apache.ivy:ivy:jar:2.4.0:provided
[INFO] |  +- oro:oro:jar:2.0.8:compile
[INFO] |  +- net.razorvine:pyrolite:jar:4.13:provided
[INFO] |  +- net.sf.py4j:py4j:jar:0.10.6:provided
[INFO] |  +- org.apache.spark:spark-tags_2.11:jar:2.3.0:provided
[INFO] |  +- org.apache.commons:commons-crypto:jar:1.0.0:provided
[INFO] |  \- org.spark-project.spark:unused:jar:1.0.0:provided
[INFO] +- org.apache.spark:spark-sql_2.11:jar:2.3.0:provided
[INFO] |  +- com.univocity:univocity-parsers:jar:2.5.9:provided
[INFO] |  +- org.apache.spark:spark-sketch_2.11:jar:2.3.0:provided
[INFO] |  +- org.apache.spark:spark-catalyst_2.11:jar:2.3.0:provided
[INFO] |  |  +- org.codehaus.janino:janino:jar:3.0.8:provided
[INFO] |  |  +- org.codehaus.janino:commons-compiler:jar:3.0.8:provided
[INFO] |  |  \- org.antlr:antlr4-runtime:jar:4.7:provided
[INFO] |  +- org.apache.orc:orc-core:jar:nohive:1.4.1:provided
[INFO] |  |  \- io.airlift:aircompressor:jar:0.8:provided
[INFO] |  +- org.apache.orc:orc-mapreduce:jar:nohive:1.4.1:provided
[INFO] |  +- org.apache.parquet:parquet-column:jar:1.8.2:provided
[INFO] |  |  +- org.apache.parquet:parquet-common:jar:1.8.2:provided
[INFO] |  |  \- org.apache.parquet:parquet-encoding:jar:1.8.2:provided
[INFO] |  +- org.apache.parquet:parquet-hadoop:jar:1.8.2:provided
[INFO] |  |  +- org.apache.parquet:parquet-format:jar:2.3.1:provided
[INFO] |  |  \- org.apache.parquet:parquet-jackson:jar:1.8.2:provided
[INFO] |  \- org.apache.arrow:arrow-vector:jar:0.8.0:provided
[INFO] |     +- org.apache.arrow:arrow-format:jar:0.8.0:provided
[INFO] |     +- org.apache.arrow:arrow-memory:jar:0.8.0:provided
[INFO] |     +- com.carrotsearch:hppc:jar:0.7.2:provided
[INFO] |     \- com.vlkan:flatbuffers:jar:1.2.0-3f79e055:provided
[INFO] +- mysql:mysql-connector-java:jar:8.0.13:compile
[INFO] |  \- com.google.protobuf:protobuf-java:jar:3.6.1:compile
[INFO] +- org.apache.spark:spark-streaming_2.11:jar:2.3.0:provided
[INFO] +- org.apache.spark:spark-mllib_2.11:jar:2.3.0:provided
[INFO] |  +- org.scala-lang.modules:scala-parser-combinators_2.11:jar:1.0.4:compile
[INFO] |  +- org.apache.spark:spark-graphx_2.11:jar:2.3.0:provided
[INFO] |  |  +- com.github.fommil.netlib:core:jar:1.1.2:provided
[INFO] |  |  \- net.sourceforge.f2j:arpack_combined_all:jar:0.1:provided
[INFO] |  +- org.apache.spark:spark-mllib-local_2.11:jar:2.3.0:provided
[INFO] |  \- org.scalanlp:breeze_2.11:jar:0.13.2:provided
[INFO] |     +- org.scalanlp:breeze-macros_2.11:jar:0.13.2:provided
[INFO] |     +- net.sf.opencsv:opencsv:jar:2.3:provided
[INFO] |     +- com.github.rwl:jtransforms:jar:2.4.0:provided
[INFO] |     +- org.spire-math:spire_2.11:jar:0.13.0:provided
[INFO] |     |  +- org.spire-math:spire-macros_2.11:jar:0.13.0:provided
[INFO] |     |  \- org.typelevel:machinist_2.11:jar:0.6.1:provided
[INFO] |     \- com.chuusai:shapeless_2.11:jar:2.3.2:provided
[INFO] |        \- org.typelevel:macro-compat_2.11:jar:1.1.1:provided
[INFO] +- org.apache.spark:spark-streaming-kafka-0-10_2.11:jar:2.3.0:provided
[INFO] |  \- org.apache.kafka:kafka-clients:jar:0.10.0.1:compile
[INFO] |     \- net.jpountz.lz4:lz4:jar:1.3.0:compile
[INFO] +- org.apache.spark:spark-hive_2.11:jar:2.3.0:provided
[INFO] |  +- com.twitter:parquet-hadoop-bundle:jar:1.6.0:provided
[INFO] |  +- org.spark-project.hive:hive-exec:jar:1.2.1.spark2:provided
[INFO] |  |  +- commons-io:commons-io:jar:2.4:compile
[INFO] |  |  +- javolution:javolution:jar:5.5.1:provided
[INFO] |  |  +- log4j:apache-log4j-extras:jar:1.2.17:provided
[INFO] |  |  +- org.antlr:antlr-runtime:jar:3.4:provided
[INFO] |  |  |  +- org.antlr:stringtemplate:jar:3.2.1:provided
[INFO] |  |  |  \- antlr:antlr:jar:2.7.7:provided
[INFO] |  |  +- org.antlr:ST4:jar:4.0.4:provided
[INFO] |  |  +- com.googlecode.javaewah:JavaEWAH:jar:0.3.2:provided
[INFO] |  |  +- org.iq80.snappy:snappy:jar:0.2:provided
[INFO] |  |  \- stax:stax-api:jar:1.0.1:provided
[INFO] |  +- org.spark-project.hive:hive-metastore:jar:1.2.1.spark2:provided
[INFO] |  |  +- com.jolbox:bonecp:jar:0.8.0.RELEASE:provided
[INFO] |  |  +- commons-cli:commons-cli:jar:1.2:compile
[INFO] |  |  +- commons-logging:commons-logging:jar:1.1.3:compile
[INFO] |  |  +- org.datanucleus:datanucleus-api-jdo:jar:3.2.6:provided
[INFO] |  |  +- org.datanucleus:datanucleus-rdbms:jar:3.2.9:provided
[INFO] |  |  +- commons-pool:commons-pool:jar:1.5.4:provided
[INFO] |  |  +- commons-dbcp:commons-dbcp:jar:1.4:provided
[INFO] |  |  \- javax.jdo:jdo-api:jar:3.0.1:provided
[INFO] |  |     \- javax.transaction:jta:jar:1.1:provided
[INFO] |  +- commons-httpclient:commons-httpclient:jar:3.1:provided
[INFO] |  +- org.apache.calcite:calcite-avatica:jar:1.2.0-incubating:provided
[INFO] |  +- org.apache.calcite:calcite-core:jar:1.2.0-incubating:provided
[INFO] |  |  +- org.apache.calcite:calcite-linq4j:jar:1.2.0-incubating:provided
[INFO] |  |  \- net.hydromatic:eigenbase-properties:jar:1.1.5:provided
[INFO] |  +- org.apache.httpcomponents:httpclient:jar:4.5.4:provided
[INFO] |  +- org.codehaus.jackson:jackson-mapper-asl:jar:1.9.13:provided
[INFO] |  +- commons-codec:commons-codec:jar:1.10:provided
[INFO] |  +- joda-time:joda-time:jar:2.9.3:provided
[INFO] |  +- org.jodd:jodd-core:jar:3.5.2:provided
[INFO] |  +- org.datanucleus:datanucleus-core:jar:3.2.10:provided
[INFO] |  +- org.apache.thrift:libthrift:jar:0.9.3:provided
[INFO] |  +- org.apache.thrift:libfb303:jar:0.9.3:provided
[INFO] |  \- org.apache.derby:derby:jar:10.12.1.1:provided
[INFO] +- org.postgresql:postgresql:jar:42.2.5:compile
[INFO] +- org.scala-lang:scala-library:jar:2.11.7:provided
[INFO] +- org.scala-lang:scala-compiler:jar:2.11.7:provided
[INFO] |  \- org.scala-lang.modules:scala-xml_2.11:jar:1.0.4:provided
[INFO] +- org.scala-lang:scala-reflect:jar:2.11.7:provided
[INFO] +- org.scala-tools:maven-scala-plugin:jar:2.9.1:compile
[INFO] |  +- org.apache.maven:maven-plugin-api:jar:2.0.9:compile
[INFO] |  +- org.apache.maven:maven-project:jar:2.0.9:compile
[INFO] |  |  +- org.apache.maven:maven-settings:jar:2.0.9:compile
[INFO] |  |  +- org.apache.maven:maven-profile:jar:2.0.9:compile
[INFO] |  |  +- org.apache.maven:maven-model:jar:2.0.9:compile
[INFO] |  |  +- org.apache.maven:maven-artifact-manager:jar:2.0.9:compile
[INFO] |  |  |  +- org.apache.maven:maven-repository-metadata:jar:2.0.9:compile
[INFO] |  |  |  \- org.apache.maven.wagon:wagon-provider-api:jar:1.0-beta-2:compile
[INFO] |  |  +- org.apache.maven:maven-plugin-registry:jar:2.0.9:compile
[INFO] |  |  +- org.codehaus.plexus:plexus-utils:jar:1.5.1:compile
[INFO] |  |  +- org.apache.maven:maven-artifact:jar:2.0.9:compile
[INFO] |  |  \- org.codehaus.plexus:plexus-container-default:jar:1.0-alpha-9-stable-1:compile
[INFO] |  |     \- classworlds:classworlds:jar:1.1-alpha-2:compile
[INFO] |  +- org.apache.maven.reporting:maven-reporting-impl:jar:2.0.4:compile
[INFO] |  |  +- commons-validator:commons-validator:jar:1.2.0:compile
[INFO] |  |  |  +- commons-beanutils:commons-beanutils:jar:1.7.0:compile
[INFO] |  |  |  +- commons-digester:commons-digester:jar:1.6:compile
[INFO] |  |  |  \- xml-apis:xml-apis:jar:1.0.b2:compile
[INFO] |  |  \- org.apache.maven.doxia:doxia-core:jar:1.0-alpha-7:compile
[INFO] |  +- org.apache.maven.reporting:maven-reporting-api:jar:2.0.4:compile
[INFO] |  |  \- org.apache.maven.doxia:doxia-sink-api:jar:1.0-alpha-7:compile
[INFO] |  +- org.apache.maven.doxia:doxia-site-renderer:jar:1.0-alpha-8:compile
[INFO] |  |  +- org.codehaus.plexus:plexus-i18n:jar:1.0-beta-6:compile
[INFO] |  |  +- org.codehaus.plexus:plexus-velocity:jar:1.1.3:compile
[INFO] |  |  |  \- velocity:velocity:jar:1.4:compile
[INFO] |  |  |     \- velocity:velocity-dep:jar:1.4:runtime
[INFO] |  |  \- org.apache.maven.doxia:doxia-decoration-model:jar:1.0-alpha-8:compile
[INFO] |  \- jline:jline:jar:0.9.93:compile
[INFO] +- junit:junit:jar:4.12:test
[INFO] |  \- org.hamcrest:hamcrest-core:jar:1.3:test
[INFO] +- org.apache.flink:flink-scala_2.11:jar:1.8.1:provided
[INFO] |  +- org.apache.flink:flink-core:jar:1.8.1:compile
[INFO] |  |  +- org.apache.flink:flink-annotations:jar:1.8.1:compile
[INFO] |  |  +- org.apache.flink:flink-metrics-core:jar:1.8.1:compile
[INFO] |  |  \- com.esotericsoftware.kryo:kryo:jar:2.24.0:compile
[INFO] |  |     \- com.esotericsoftware.minlog:minlog:jar:1.2:compile
[INFO] |  +- org.apache.flink:flink-java:jar:1.8.1:compile
[INFO] |  +- org.apache.flink:flink-shaded-asm:jar:5.0.4-6.0:compile
[INFO] |  +- org.apache.flink:flink-shaded-asm-6:jar:6.2.1-6.0:compile
[INFO] |  +- org.apache.flink:flink-shaded-guava:jar:18.0-6.0:compile
[INFO] |  \- org.apache.flink:force-shading:jar:1.8.1:compile
[INFO] +- org.apache.flink:flink-streaming-scala_2.11:jar:1.8.1:compile
[INFO] |  \- org.apache.flink:flink-streaming-java_2.11:jar:1.8.1:compile
[INFO] |     +- org.apache.flink:flink-runtime_2.11:jar:1.8.1:compile
[INFO] |     |  +- org.apache.flink:flink-hadoop-fs:jar:1.8.1:compile
[INFO] |     |  +- org.apache.flink:flink-shaded-jackson:jar:2.7.9-6.0:compile
[INFO] |     |  +- com.typesafe.akka:akka-actor_2.11:jar:2.4.20:compile
[INFO] |     |  |  +- com.typesafe:config:jar:1.3.0:compile
[INFO] |     |  |  \- org.scala-lang.modules:scala-java8-compat_2.11:jar:0.7.0:compile
[INFO] |     |  +- com.typesafe.akka:akka-stream_2.11:jar:2.4.20:compile
[INFO] |     |  |  +- org.reactivestreams:reactive-streams:jar:1.0.0:compile
[INFO] |     |  |  \- com.typesafe:ssl-config-core_2.11:jar:0.2.1:compile
[INFO] |     |  +- com.typesafe.akka:akka-protobuf_2.11:jar:2.4.20:compile
[INFO] |     |  +- com.typesafe.akka:akka-slf4j_2.11:jar:2.4.20:compile
[INFO] |     |  +- org.clapper:grizzled-slf4j_2.11:jar:1.3.2:compile
[INFO] |     |  \- com.github.scopt:scopt_2.11:jar:3.5.0:compile
[INFO] |     \- org.apache.flink:flink-clients_2.11:jar:1.8.1:compile
[INFO] |        \- org.apache.flink:flink-optimizer_2.11:jar:1.8.1:compile
[INFO] +- org.apache.flink:flink-table-planner_2.11:jar:1.8.1:compile
[INFO] |  \- org.apache.flink:flink-table-common:jar:1.8.1:compile
[INFO] +- org.apache.flink:flink-table-api-scala-bridge_2.11:jar:1.8.1:compile
[INFO] |  \- org.apache.flink:flink-table-api-scala_2.11:jar:1.8.1:compile
[INFO] +- org.apache.flink:flink-table-api-java-bridge_2.11:jar:1.8.1:compile
[INFO] |  \- org.apache.flink:flink-table-api-java:jar:1.8.1:compile
[INFO] +- org.apache.flink:flink-connector-kafka_2.11:jar:1.8.1:compile
[INFO] |  \- org.apache.flink:flink-connector-kafka-base_2.11:jar:1.8.1:compile
[INFO] \- org.apache.flink:flink-queryable-state-client-java_2.11:jar:1.8.1:provided
[INFO]    \- org.apache.flink:flink-shaded-netty:jar:4.1.32.Final-6.0:compile
[INFO] ------------------------------------------------------------------------
[INFO] BUILD SUCCESS
[INFO] ------------------------------------------------------------------------
[INFO] Total time: 11.009 s
[INFO] Finished at: 2019-10-16T10:51:25+08:00
[INFO] Final Memory: 29M/270M
[INFO] ------------------------------------------------------------------------
[WARNING] The requested profile "babytree" could not be activated because it does not exist.
